<?xml version="1.0" encoding="UTF-8"?>
<!-- Generated by org.testng.reporters.JUnitXMLReporter -->
<testsuite hostname="Ankur" ignored="0" name="Default test" tests="12" failures="0" timestamp="07 Jan 2021 13:56:42 GMT" time="0.244" errors="0">
  <testcase name="LoginTest" time="0.073" classname="testngTutorial.FirstTestNGScript"/>
  <testcase name="LoginTest" time="0.003" classname="testngTutorial.FirstTestNGScript"/>
  <testcase name="LoginTest" time="0.003" classname="testngTutorial.FirstTestNGScript"/>
  <testcase name="LoginTest" time="0.006" classname="testngTutorial.FirstTestNGScript"/>
  <testcase name="LoginTest" time="0.004" classname="testngTutorial.FirstTestNGScript"/>
  <testcase name="LoginTest" time="0.005" classname="testngTutorial.FirstTestNGScript"/>
  <testcase name="LoginTest" time="0.002" classname="testngTutorial.FirstTestNGScript"/>
  <testcase name="LoginTest" time="0.004" classname="testngTutorial.FirstTestNGScript"/>
  <testcase name="LoginTest" time="0.004" classname="testngTutorial.FirstTestNGScript"/>
  <testcase name="LoginTest" time="0.004" classname="testngTutorial.FirstTestNGScript"/>
  <testcase name="Submit" time="0.003" classname="testngTutorial.FirstTestNGScript"/>
  <testcase name="AddUsidPwd" time="0.003" classname="testngTutorial.FirstTestNGScript"/>
</testsuite> <!-- Default test -->
