<?xml version="1.0" encoding="UTF-8"?>
<testng-results skipped="0" failed="0" ignored="0" total="12" passed="12">
  <reporter-output>
  </reporter-output>
  <suite name="Default suite" duration-ms="244" started-at="2021-01-07T13:56:42Z" finished-at="2021-01-07T13:56:42Z">
    <groups>
    </groups>
    <test name="Default test" duration-ms="244" started-at="2021-01-07T13:56:42Z" finished-at="2021-01-07T13:56:42Z">
      <class name="testngTutorial.FirstTestNGScript">
        <test-method status="PASS" signature="LoginTest()[pri:0, instance:testngTutorial.FirstTestNGScript@193948d]" name="LoginTest" duration-ms="73" started-at="2021-01-07T13:56:42Z" finished-at="2021-01-07T13:56:42Z">
          <reporter-output>
          </reporter-output>
        </test-method> <!-- LoginTest -->
        <test-method status="PASS" signature="LoginTest()[pri:0, instance:testngTutorial.FirstTestNGScript@193948d]" name="LoginTest" duration-ms="3" started-at="2021-01-07T13:56:42Z" finished-at="2021-01-07T13:56:42Z">
          <reporter-output>
          </reporter-output>
        </test-method> <!-- LoginTest -->
        <test-method status="PASS" signature="LoginTest()[pri:0, instance:testngTutorial.FirstTestNGScript@193948d]" name="LoginTest" duration-ms="3" started-at="2021-01-07T13:56:42Z" finished-at="2021-01-07T13:56:42Z">
          <reporter-output>
          </reporter-output>
        </test-method> <!-- LoginTest -->
        <test-method status="PASS" signature="LoginTest()[pri:0, instance:testngTutorial.FirstTestNGScript@193948d]" name="LoginTest" duration-ms="6" started-at="2021-01-07T13:56:42Z" finished-at="2021-01-07T13:56:42Z">
          <reporter-output>
          </reporter-output>
        </test-method> <!-- LoginTest -->
        <test-method status="PASS" signature="LoginTest()[pri:0, instance:testngTutorial.FirstTestNGScript@193948d]" name="LoginTest" duration-ms="4" started-at="2021-01-07T13:56:42Z" finished-at="2021-01-07T13:56:42Z">
          <reporter-output>
          </reporter-output>
        </test-method> <!-- LoginTest -->
        <test-method status="PASS" signature="LoginTest()[pri:0, instance:testngTutorial.FirstTestNGScript@193948d]" name="LoginTest" duration-ms="5" started-at="2021-01-07T13:56:42Z" finished-at="2021-01-07T13:56:42Z">
          <reporter-output>
          </reporter-output>
        </test-method> <!-- LoginTest -->
        <test-method status="PASS" signature="LoginTest()[pri:0, instance:testngTutorial.FirstTestNGScript@193948d]" name="LoginTest" duration-ms="2" started-at="2021-01-07T13:56:42Z" finished-at="2021-01-07T13:56:42Z">
          <reporter-output>
          </reporter-output>
        </test-method> <!-- LoginTest -->
        <test-method status="PASS" signature="LoginTest()[pri:0, instance:testngTutorial.FirstTestNGScript@193948d]" name="LoginTest" duration-ms="4" started-at="2021-01-07T13:56:42Z" finished-at="2021-01-07T13:56:42Z">
          <reporter-output>
          </reporter-output>
        </test-method> <!-- LoginTest -->
        <test-method status="PASS" signature="LoginTest()[pri:0, instance:testngTutorial.FirstTestNGScript@193948d]" name="LoginTest" duration-ms="4" started-at="2021-01-07T13:56:42Z" finished-at="2021-01-07T13:56:42Z">
          <reporter-output>
          </reporter-output>
        </test-method> <!-- LoginTest -->
        <test-method status="PASS" signature="LoginTest()[pri:0, instance:testngTutorial.FirstTestNGScript@193948d]" name="LoginTest" duration-ms="4" started-at="2021-01-07T13:56:42Z" finished-at="2021-01-07T13:56:42Z">
          <reporter-output>
          </reporter-output>
        </test-method> <!-- LoginTest -->
        <test-method status="PASS" signature="Submit()[pri:0, instance:testngTutorial.FirstTestNGScript@193948d]" name="Submit" duration-ms="3" started-at="2021-01-07T13:56:42Z" finished-at="2021-01-07T13:56:42Z">
          <reporter-output>
          </reporter-output>
        </test-method> <!-- Submit -->
        <test-method status="PASS" signature="AddUsidPwd()[pri:0, instance:testngTutorial.FirstTestNGScript@193948d]" name="AddUsidPwd" duration-ms="3" started-at="2021-01-07T13:56:42Z" depends-on-methods="testngTutorial.FirstTestNGScript.LoginTest" finished-at="2021-01-07T13:56:42Z">
          <reporter-output>
          </reporter-output>
        </test-method> <!-- AddUsidPwd -->
      </class> <!-- testngTutorial.FirstTestNGScript -->
    </test> <!-- Default test -->
  </suite> <!-- Default suite -->
</testng-results>
